  [1m[35m (1296.6ms)[0m  [1m[35mCREATE DATABASE "shiftTest_development" ENCODING = 'unicode'[0m
  ↳ bin/rails:9
  [1m[35m (1148.9ms)[0m  [1m[35mCREATE DATABASE "shiftTest_test" ENCODING = 'unicode'[0m
  ↳ bin/rails:9
  [1m[35m (53.1ms)[0m  [1m[35mCREATE TABLE "schema_migrations" ("version" character varying NOT NULL PRIMARY KEY)[0m
  ↳ bin/rails:9
  [1m[35m (10.9ms)[0m  [1m[35mCREATE TABLE "ar_internal_metadata" ("key" character varying NOT NULL PRIMARY KEY, "value" character varying, "created_at" timestamp NOT NULL, "updated_at" timestamp NOT NULL)[0m
  ↳ bin/rails:9
  [1m[35m (0.6ms)[0m  [1m[34mSELECT pg_try_advisory_lock(4956716408283364830)[0m
  ↳ bin/rails:9
  [1m[35m (1.5ms)[0m  [1m[34mSELECT "schema_migrations"."version" FROM "schema_migrations" ORDER BY "schema_migrations"."version" ASC[0m
  ↳ bin/rails:9
  [1m[36mActiveRecord::InternalMetadata Load (1.3ms)[0m  [1m[34mSELECT  "ar_internal_metadata".* FROM "ar_internal_metadata" WHERE "ar_internal_metadata"."key" = $1 LIMIT $2[0m  [["key", "environment"], ["LIMIT", 1]]
  ↳ bin/rails:9
  [1m[35m (0.3ms)[0m  [1m[35mBEGIN[0m
  ↳ bin/rails:9
  [1m[36mActiveRecord::InternalMetadata Create (1.3ms)[0m  [1m[32mINSERT INTO "ar_internal_metadata" ("key", "value", "created_at", "updated_at") VALUES ($1, $2, $3, $4) RETURNING "key"[0m  [["key", "environment"], ["value", "development"], ["created_at", "2019-10-02 18:23:48.327133"], ["updated_at", "2019-10-02 18:23:48.327133"]]
  ↳ bin/rails:9
  [1m[35m (2.7ms)[0m  [1m[35mCOMMIT[0m
  ↳ bin/rails:9
  [1m[35m (0.5ms)[0m  [1m[34mSELECT pg_advisory_unlock(4956716408283364830)[0m
  ↳ bin/rails:9
  [1m[35m (0.5ms)[0m  [1m[34mSELECT "schema_migrations"."version" FROM "schema_migrations" ORDER BY "schema_migrations"."version" ASC[0m
  ↳ bin/rails:9
Started GET "/" for 192.168.1.66 at 2019-10-02 22:25:37 +0400
Cannot render console from 192.168.1.66! Allowed networks: 127.0.0.1, ::1, 127.0.0.0/127.255.255.255
Processing by Rails::WelcomeController#index as HTML
  Rendering /home/dev/.rvm/gems/ruby-2.6.3/gems/railties-5.2.3/lib/rails/templates/rails/welcome/index.html.erb
  Rendered /home/dev/.rvm/gems/ruby-2.6.3/gems/railties-5.2.3/lib/rails/templates/rails/welcome/index.html.erb (10.0ms)
Completed 200 OK in 45ms (Views: 35.5ms | ActiveRecord: 0.0ms)


